[07-07-2025 15:59:03.541 INFO Ecom_TC07_UploadFileByDynamiclocator] - 1
[07-07-2025 15:59:03.546 INFO Ecom_TC07_UploadFileByDynamiclocator] - 2
[07-07-2025 15:59:03.698 INFO Ecom_TC07_UploadFileByDynamiclocator] - 3
[07-07-2025 15:59:03.774 INFO Ecom_TC07_UploadFileByDynamiclocator] - 4
[07-07-2025 15:59:03.837 INFO Ecom_TC07_UploadFileByDynamiclocator] - 5
[07-07-2025 15:59:07.467 INFO Ecom_TC07_UploadFileByDynamiclocator] - 5
[07-07-2025 15:59:08.779 INFO Ecom_TC07_UploadFileByDynamiclocator] - 5
[07-07-2025 15:59:09.453 INFO Ecom_TC07_UploadFileByDynamiclocator] - 5
[07-07-2025 15:59:09.524 INFO Ecom_TC07_UploadFileByDynamiclocator] - 5
[07-07-2025 15:59:09.619 INFO Ecom_TC07_UploadFileByDynamiclocator] - 5
[07-07-2025 15:59:09.690 INFO Ecom_TC07_UploadFileByDynamiclocator] - 5
[07-07-2025 15:59:09.756 INFO Ecom_TC07_UploadFileByDynamiclocator] - 5
[07-07-2025 15:59:10.787 INFO Ecom_TC07_UploadFileByDynamiclocator] - 5
[07-07-2025 15:59:10.867 INFO Ecom_TC07_UploadFileByDynamiclocator] - 5
[07-07-2025 15:59:10.876 INFO Ecom_TC07_UploadFileByDynamiclocator] - 5
[07-07-2025 15:59:10.897 INFO Ecom_TC07_UploadFileByDynamiclocator] - 5
[07-07-2025 15:59:12.509 INFO Ecom_TC07_UploadFileByDynamiclocator] - 5
[07-07-2025 16:00:07.368 INFO Ecom_TC07_UploadFileByDynamiclocator] - 1
[07-07-2025 16:00:07.373 INFO Ecom_TC07_UploadFileByDynamiclocator] - 2
[07-07-2025 16:00:07.497 INFO Ecom_TC07_UploadFileByDynamiclocator] - 3
[07-07-2025 16:00:07.575 INFO Ecom_TC07_UploadFileByDynamiclocator] - 4
[07-07-2025 16:00:13.473 INFO Ecom_TC07_UploadFileByDynamiclocator] - 5
[07-07-2025 16:00:13.501 INFO Ecom_TC07_UploadFileByDynamiclocator] - 5
[07-07-2025 16:00:14.211 INFO Ecom_TC07_UploadFileByDynamiclocator] - 5
[07-07-2025 16:00:14.913 INFO Ecom_TC07_UploadFileByDynamiclocator] - 5
[07-07-2025 16:00:15.046 INFO Ecom_TC07_UploadFileByDynamiclocator] - 5
[07-07-2025 16:00:15.120 INFO Ecom_TC07_UploadFileByDynamiclocator] - 5
[07-07-2025 16:00:15.190 INFO Ecom_TC07_UploadFileByDynamiclocator] - 5
[07-07-2025 16:00:15.257 INFO Ecom_TC07_UploadFileByDynamiclocator] - 5
[07-07-2025 16:00:16.290 INFO Ecom_TC07_UploadFileByDynamiclocator] - 5
[07-07-2025 16:00:16.374 INFO Ecom_TC07_UploadFileByDynamiclocator] - 5
[07-07-2025 16:00:16.381 INFO Ecom_TC07_UploadFileByDynamiclocator] - 5
[07-07-2025 16:00:16.403 INFO Ecom_TC07_UploadFileByDynamiclocator] - 5
[07-07-2025 16:00:18.599 INFO Ecom_TC07_UploadFileByDynamiclocator] - 5
[07-07-2025 16:07:49.433 INFO Ecom_TC07_UploadFileByDynamiclocator] - 1
[07-07-2025 16:07:49.437 INFO Ecom_TC07_UploadFileByDynamiclocator] - 2
[07-07-2025 16:07:49.601 INFO Ecom_TC07_UploadFileByDynamiclocator] - 3
[07-07-2025 16:07:49.669 INFO Ecom_TC07_UploadFileByDynamiclocator] - 4
[07-07-2025 16:07:53.076 INFO Ecom_TC07_UploadFileByDynamiclocator] - 5
[07-07-2025 16:07:53.105 INFO Ecom_TC07_UploadFileByDynamiclocator] - 5
[07-07-2025 16:07:54.382 INFO Ecom_TC07_UploadFileByDynamiclocator] - 5
[07-07-2025 16:07:55.051 INFO Ecom_TC07_UploadFileByDynamiclocator] - 5
[07-07-2025 16:07:55.119 INFO Ecom_TC07_UploadFileByDynamiclocator] - 5
[07-07-2025 16:07:55.415 INFO Ecom_TC07_UploadFileByDynamiclocator] - 5
[07-07-2025 16:07:55.483 INFO Ecom_TC07_UploadFileByDynamiclocator] - 5
[07-07-2025 16:07:55.550 INFO Ecom_TC07_UploadFileByDynamiclocator] - 5
[07-07-2025 16:07:56.685 INFO Ecom_TC07_UploadFileByDynamiclocator] - 5
[07-07-2025 16:07:56.775 INFO Ecom_TC07_UploadFileByDynamiclocator] - 5
[07-07-2025 16:07:56.782 INFO Ecom_TC07_UploadFileByDynamiclocator] - 5
[07-07-2025 16:07:56.804 INFO Ecom_TC07_UploadFileByDynamiclocator] - 5
[07-07-2025 16:07:57.950 INFO Ecom_TC07_UploadFileByDynamiclocator] - 5
[07-07-2025 16:28:12.154 INFO Ecom_TC07_UploadFileByDynamiclocator] - 1
[07-07-2025 16:28:12.158 INFO Ecom_TC07_UploadFileByDynamiclocator] - 2
[07-07-2025 16:28:12.326 INFO Ecom_TC07_UploadFileByDynamiclocator] - 3
[07-07-2025 16:28:12.392 INFO Ecom_TC07_UploadFileByDynamiclocator] - 4
[07-07-2025 16:28:15.621 INFO Ecom_TC07_UploadFileByDynamiclocator] - 5
[07-07-2025 16:28:15.673 INFO Ecom_TC07_UploadFileByDynamiclocator] - 5
[07-07-2025 16:28:16.389 INFO Ecom_TC07_UploadFileByDynamiclocator] - 5
[07-07-2025 16:28:16.967 INFO Ecom_TC07_UploadFileByDynamiclocator] - 5
[07-07-2025 16:28:17.033 INFO Ecom_TC07_UploadFileByDynamiclocator] - 5
[07-07-2025 16:28:17.108 INFO Ecom_TC07_UploadFileByDynamiclocator] - 5
[07-07-2025 16:28:17.206 INFO Ecom_TC07_UploadFileByDynamiclocator] - 5
[07-07-2025 16:28:17.279 INFO Ecom_TC07_UploadFileByDynamiclocator] - 5
[07-07-2025 16:28:18.327 INFO Ecom_TC07_UploadFileByDynamiclocator] - 5
[07-07-2025 16:28:18.418 INFO Ecom_TC07_UploadFileByDynamiclocator] - 5
[07-07-2025 16:28:18.425 INFO Ecom_TC07_UploadFileByDynamiclocator] - 5
[07-07-2025 16:28:18.446 INFO Ecom_TC07_UploadFileByDynamiclocator] - 5
[07-07-2025 16:28:19.853 INFO Ecom_TC07_UploadFileByDynamiclocator] - 5
[07-07-2025 16:32:48.743 INFO Ecom_TC07_UploadFileByDynamiclocator] - 1
[07-07-2025 16:32:48.748 INFO Ecom_TC07_UploadFileByDynamiclocator] - 2
[07-07-2025 16:32:48.883 INFO Ecom_TC07_UploadFileByDynamiclocator] - 3
[07-07-2025 16:32:48.977 INFO Ecom_TC07_UploadFileByDynamiclocator] - 4
[07-07-2025 16:32:53.739 INFO Ecom_TC07_UploadFileByDynamiclocator] - 5
[07-07-2025 16:32:53.776 INFO Ecom_TC07_UploadFileByDynamiclocator] - 5
[07-07-2025 16:32:54.607 INFO Ecom_TC07_UploadFileByDynamiclocator] - 5
[07-07-2025 16:32:55.459 INFO Ecom_TC07_UploadFileByDynamiclocator] - 5
[07-07-2025 16:32:55.533 INFO Ecom_TC07_UploadFileByDynamiclocator] - 5
[07-07-2025 16:32:55.626 INFO Ecom_TC07_UploadFileByDynamiclocator] - 5
[07-07-2025 16:32:55.701 INFO Ecom_TC07_UploadFileByDynamiclocator] - 5
[07-07-2025 16:32:55.770 INFO Ecom_TC07_UploadFileByDynamiclocator] - 5
[07-07-2025 16:32:56.801 INFO Ecom_TC07_UploadFileByDynamiclocator] - 5
[07-07-2025 16:32:56.889 INFO Ecom_TC07_UploadFileByDynamiclocator] - 5
[07-07-2025 16:32:56.896 INFO Ecom_TC07_UploadFileByDynamiclocator] - 5
[07-07-2025 16:32:56.918 INFO Ecom_TC07_UploadFileByDynamiclocator] - 5
[07-07-2025 16:32:58.218 INFO Ecom_TC07_UploadFileByDynamiclocator] - 5
[07-07-2025 16:33:41.256 INFO Ecom_TC07_UploadFileByDynamiclocator] - 1
[07-07-2025 16:33:41.256 INFO Ecom_TC07_UploadFileByDynamiclocator] - 2
[07-07-2025 16:33:41.325 INFO Ecom_TC07_UploadFileByDynamiclocator] - 3
[07-07-2025 16:33:41.355 INFO Ecom_TC07_UploadFileByDynamiclocator] - 4
[07-07-2025 16:33:45.561 INFO Ecom_TC07_UploadFileByDynamiclocator] - 5
[07-07-2025 16:33:45.580 INFO Ecom_TC07_UploadFileByDynamiclocator] - 5
[07-07-2025 16:33:47.287 INFO Ecom_TC07_UploadFileByDynamiclocator] - 5
[07-07-2025 16:33:48.249 INFO Ecom_TC07_UploadFileByDynamiclocator] - 5
[07-07-2025 16:33:48.296 INFO Ecom_TC07_UploadFileByDynamiclocator] - 5
[07-07-2025 16:33:48.317 INFO Ecom_TC07_UploadFileByDynamiclocator] - 5
[07-07-2025 16:33:48.355 INFO Ecom_TC07_UploadFileByDynamiclocator] - 5
[07-07-2025 16:33:48.390 INFO Ecom_TC07_UploadFileByDynamiclocator] - 5
[07-07-2025 16:33:49.434 INFO Ecom_TC07_UploadFileByDynamiclocator] - 5
[07-07-2025 16:33:49.523 INFO Ecom_TC07_UploadFileByDynamiclocator] - 5
[07-07-2025 16:33:50.883 INFO Ecom_TC07_UploadFileByDynamiclocator] - 5
[07-07-2025 16:33:50.903 INFO Ecom_TC07_UploadFileByDynamiclocator] - 5
[07-07-2025 16:33:52.385 INFO Ecom_TC07_UploadFileByDynamiclocator] - 5
[13-07-2025 13:48:34.369 INFO Ecom_TC11_AddProductInCart] - OS name = windows 10
[13-07-2025 13:48:34.373 INFO Ecom_TC11_AddProductInCart] - Driver instance name = chromedriver: chrome on windows (291da22c4c0a6ab03756b709ce09b099)
[13-07-2025 13:48:49.935 INFO Ecom_TC07_UploadFileByDynamiclocator] - OS name = windows 10
[13-07-2025 13:48:49.935 INFO Ecom_TC07_UploadFileByDynamiclocator] - Driver instance name = chromedriver: chrome on windows (66313dfc8952e227bc0b43b706de69dc)
[13-07-2025 13:48:58.976 INFO Ecom_TC09_VerifySeachProduct] - OS name = windows 10
[13-07-2025 13:48:58.976 INFO Ecom_TC09_VerifySeachProduct] - Driver instance name = chromedriver: chrome on windows (e55c769bbbe8ef23462812693943f96b)
[13-07-2025 13:49:10.450 INFO Ecom_TC10_VerifySubscriptionInHomePage] - OS name = windows 10
[13-07-2025 13:49:10.450 INFO Ecom_TC10_VerifySubscriptionInHomePage] - Driver instance name = chromedriver: chrome on windows (5cdbccdbbb4d4c5b6ae3d51d0a0e3e71)
[22-07-2025 09:49:53.531 INFO Ecom_TC11_AddProductInCart] - OS name = mac os x
[22-07-2025 09:49:53.534 INFO Ecom_TC11_AddProductInCart] - Driver instance name = chromedriver: chrome on mac (3e08f1d458de197c4d14b13cf45b3f33)
[22-07-2025 09:50:22.798 INFO Ecom_TC07_UploadFileByDynamiclocator] - OS name = mac os x
[22-07-2025 09:50:22.799 INFO Ecom_TC07_UploadFileByDynamiclocator] - Driver instance name = chromedriver: chrome on mac (26f1c5861b7836f65f7fdfa424882133)
[22-07-2025 09:50:33.448 INFO Ecom_TC09_VerifySeachProduct] - OS name = mac os x
[22-07-2025 09:50:33.448 INFO Ecom_TC09_VerifySeachProduct] - Driver instance name = chromedriver: chrome on mac (cb532b13f1b1e73ac87e1c7e8087b55f)
[22-07-2025 09:50:44.965 INFO Ecom_TC10_VerifySubscriptionInHomePage] - OS name = mac os x
[22-07-2025 09:50:44.965 INFO Ecom_TC10_VerifySubscriptionInHomePage] - Driver instance name = chromedriver: chrome on mac (811b25c7284e7aff1fe5e6637ad7db0f)
[22-07-2025 10:23:19.962 INFO Ecom_TC11_AddProductInCart] - OS name = mac os x
[22-07-2025 10:23:19.965 INFO Ecom_TC11_AddProductInCart] - Driver instance name = chromedriver: chrome on mac (fbc4ac11edbca2beba34b06992787902)
[22-07-2025 10:26:40.660 INFO Ecom_TC11_AddProductInCart] - OS name = mac os x
[22-07-2025 10:26:40.662 INFO Ecom_TC11_AddProductInCart] - Driver instance name = chromedriver: chrome on mac (6c225a030884923e36e53224276268c9)
[22-07-2025 10:27:44.281 INFO Ecom_TC11_AddProductInCart] - OS name = mac os x
[22-07-2025 10:27:44.284 INFO Ecom_TC11_AddProductInCart] - Driver instance name = chromedriver: chrome on mac (0e6411f4dc657b14a9b044ddcb233c1b)
[22-07-2025 10:28:25.990 INFO Ecom_TC11_AddProductInCart] - OS name = mac os x
[22-07-2025 10:28:25.992 INFO Ecom_TC11_AddProductInCart] - Driver instance name = chromedriver: chrome on mac (ad15e2868d4f12f1b18067301b94c6a9)
[22-07-2025 11:11:50.886 INFO Ecom_TC11_AddProductInCart] - OS name = mac os x
[22-07-2025 11:11:50.888 INFO Ecom_TC11_AddProductInCart] - Driver instance name = chromedriver: chrome on mac (0ea2e29cb6c400769328565a38ac6a14)
[22-07-2025 11:12:36.338 INFO Ecom_TC11_AddProductInCart] - OS name = mac os x
[22-07-2025 11:12:36.341 INFO Ecom_TC11_AddProductInCart] - Driver instance name = chromedriver: chrome on mac (309319cff4623db744030c873da36880)
[22-07-2025 11:19:43.204 INFO Ecom_TC11_AddProductInCart] - OS name = mac os x
[22-07-2025 11:19:43.207 INFO Ecom_TC11_AddProductInCart] - Driver instance name = chromedriver: chrome on mac (808ae22bd48a91cda7144b0b115d67f1)
[22-07-2025 11:20:16.714 INFO Ecom_TC11_AddProductInCart] - OS name = mac os x
[22-07-2025 11:20:16.717 INFO Ecom_TC11_AddProductInCart] - Driver instance name = chromedriver: chrome on mac (88c2a8dab27ff5613d4143a5dfdbc961)
[22-07-2025 11:21:07.076 INFO Ecom_TC11_AddProductInCart] - OS name = mac os x
[22-07-2025 11:21:07.078 INFO Ecom_TC11_AddProductInCart] - Driver instance name = chromedriver: chrome on mac (fb945c51000e4a1568b12237329c8401)
[22-07-2025 11:21:07.080 INFO Ecom_TC11_AddProductInCart] - no such window: target window already closed
from unknown error: web view not found
  (Session info: chrome=138.0.7204.158)
Build info: version: '4.27.0', revision: 'd6e718d134'
System info: os.name: 'Mac OS X', os.arch: 'aarch64', os.version: '13.6', java.version: '21.0.6'
Driver info: org.openqa.selenium.chrome.ChromeDriver
Command: [fb945c51000e4a1568b12237329c8401, deleteAllCookies {}]
Capabilities {acceptInsecureCerts: false, browserName: chrome, browserVersion: 138.0.7204.158, chrome: {chromedriverVersion: 138.0.7204.157 (e533e98b126..., userDataDir: /var/folders/31/htmyl7zs36g...}, fedcm:accounts: true, goog:chromeOptions: {debuggerAddress: localhost:57260}, networkConnectionEnabled: false, pageLoadStrategy: normal, platformName: mac, proxy: Proxy(), se:cdp: ws://localhost:57260/devtoo..., se:cdpVersion: 138.0.7204.158, setWindowRect: true, strictFileInteractability: false, timeouts: {implicit: 0, pageLoad: 300000, script: 30000}, unhandledPromptBehavior: dismiss and notify, webauthn:extension:credBlob: true, webauthn:extension:largeBlob: true, webauthn:extension:minPinLength: true, webauthn:extension:prf: true, webauthn:virtualAuthenticators: true}
Session ID: fb945c51000e4a1568b12237329c8401
[22-07-2025 11:21:42.789 INFO Ecom_TC11_AddProductInCart] - OS name = mac os x
[22-07-2025 11:21:42.793 INFO Ecom_TC11_AddProductInCart] - Driver instance name = chromedriver: chrome on mac (7d66104455957b385dfd061d5a42d9c9)
[22-07-2025 11:23:55.991 INFO Ecom_TC11_AddProductInCart] - OS name = mac os x
[22-07-2025 11:23:55.993 INFO Ecom_TC11_AddProductInCart] - Driver instance name = chromedriver: chrome on mac (f6b685241e1dc7ae596b4821b6cf62aa)
[22-07-2025 11:24:41.035 INFO Ecom_TC11_AddProductInCart] - OS name = mac os x
[22-07-2025 11:24:41.038 INFO Ecom_TC11_AddProductInCart] - Driver instance name = chromedriver: chrome on mac (a23512d800403bda3658949d05f55e08)
[22-07-2025 11:28:44.400 INFO Ecom_TC11_AddProductInCart] - OS name = mac os x
[22-07-2025 11:28:44.406 INFO Ecom_TC11_AddProductInCart] - Driver instance name = chromedriver: chrome on mac (46f9fdf4846e2bcb3ae083e9bb9b8b58)
[22-07-2025 11:53:03.957 INFO Ecom_TC11_AddProductInCart] - OS name = mac os x
[22-07-2025 11:53:03.959 INFO Ecom_TC11_AddProductInCart] - Driver instance name = chromedriver: chrome on mac (85d7a712341fee50c7275ef934c1036c)
[22-07-2025 11:53:03.961 INFO Ecom_TC11_AddProductInCart] - no such window: target window already closed
from unknown error: web view not found
  (Session info: chrome=138.0.7204.158)
Build info: version: '4.27.0', revision: 'd6e718d134'
System info: os.name: 'Mac OS X', os.arch: 'aarch64', os.version: '13.6', java.version: '21.0.6'
Driver info: org.openqa.selenium.chrome.ChromeDriver
Command: [85d7a712341fee50c7275ef934c1036c, deleteAllCookies {}]
Capabilities {acceptInsecureCerts: false, browserName: chrome, browserVersion: 138.0.7204.158, chrome: {chromedriverVersion: 138.0.7204.157 (e533e98b126..., userDataDir: /var/folders/31/htmyl7zs36g...}, fedcm:accounts: true, goog:chromeOptions: {debuggerAddress: localhost:49906}, networkConnectionEnabled: false, pageLoadStrategy: normal, platformName: mac, proxy: Proxy(), se:cdp: ws://localhost:49906/devtoo..., se:cdpVersion: 138.0.7204.158, setWindowRect: true, strictFileInteractability: false, timeouts: {implicit: 0, pageLoad: 300000, script: 30000}, unhandledPromptBehavior: dismiss and notify, webauthn:extension:credBlob: true, webauthn:extension:largeBlob: true, webauthn:extension:minPinLength: true, webauthn:extension:prf: true, webauthn:virtualAuthenticators: true}
Session ID: 85d7a712341fee50c7275ef934c1036c
[22-07-2025 11:53:45.497 INFO Ecom_TC11_AddProductInCart] - OS name = mac os x
[22-07-2025 11:53:45.500 INFO Ecom_TC11_AddProductInCart] - Driver instance name = chromedriver: chrome on mac (010af2506e8a5585a1722c0a1a0581e8)
